11:47:41 AM: INFO [logging_caballo.py:19] ('apostante leido con exito',)
11:47:41 AM: INFO [logging_caballo.py:19] ('apostante leido con exito',)
11:47:41 AM: INFO [logging_caballo.py:19] ([<carrera_caballos.clases.class_gran_premio.GranPremio object at 0x0000022084055CC8>, <carrera_caballos.clases.class_gran_premio.GranPremio object at 0x0000022084055DC8>],)
11:59:02 AM: INFO [logging_caballo.py:19] ('caballo leido con exito',)
11:59:02 AM: INFO [logging_caballo.py:19] ('caballo leido con exito',)
11:59:02 AM: INFO [logging_caballo.py:19] ('caballo leido con exito',)
11:59:02 AM: INFO [logging_caballo.py:19] ('caballo leido con exito',)
11:59:02 AM: INFO [logging_caballo.py:19] ('caballo leido con exito',)
11:59:02 AM: INFO [logging_caballo.py:19] ([<carrera_caballos.clases.class_caballos.Caballo object at 0x000002484BB57A88>, <carrera_caballos.clases.class_caballos.Caballo object at 0x000002484BB57C08>, <carrera_caballos.clases.class_caballos.Caballo object at 0x000002484BB57D88>, <carrera_caballos.clases.class_caballos.Caballo object at 0x000002484BB57F08>, <carrera_caballos.clases.class_caballos.Caballo object at 0x000002484BB60048>],)
12:20:31 PM: INFO [logging_caballo.py:19] ('comenzamos la casa de apuestas',)
12:23:03 PM: INFO [logging_caballo.py:19] ('comenzamos la casa de apuestas',)
12:23:03 PM: INFO [logging_caballo.py:19] ('gran premio leido con exito',)
12:23:03 PM: INFO [logging_caballo.py:19] ('gran premio leido con exito',)
12:23:03 PM: INFO [logging_caballo.py:19] ([<carrera_caballos.clases.class_gran_premio.GranPremio object at 0x000001F27098D388>, <carrera_caballos.clases.class_gran_premio.GranPremio object at 0x000001F27098D488>],)
12:24:16 PM: INFO [logging_caballo.py:19] ('comenzamos la casa de apuestas',)
12:24:27 PM: INFO [logging_caballo.py:19] ('gran premio leido con exito',)
12:24:27 PM: INFO [logging_caballo.py:19] ('gran premio leido con exito',)
12:24:27 PM: INFO [logging_caballo.py:19] ([<carrera_caballos.clases.class_gran_premio.GranPremio object at 0x000002891FB752C8>, <carrera_caballos.clases.class_gran_premio.GranPremio object at 0x000002891FB75288>],)
12:27:36 PM: INFO [logging_caballo.py:19] ('comenzamos la casa de apuestas',)
12:27:36 PM: INFO [logging_caballo.py:19] ('gran premio leido con exito',)
12:27:36 PM: INFO [logging_caballo.py:19] ('gran premio leido con exito',)
12:27:36 PM: INFO [logging_caballo.py:19] ([<carrera_caballos.clases.class_gran_premio.GranPremio object at 0x0000016091C1B248>, <carrera_caballos.clases.class_gran_premio.GranPremio object at 0x0000016091C1B3C8>],)
12:29:20 PM: INFO [logging_caballo.py:19] ('comenzamos la casa de apuestas',)
12:29:20 PM: INFO [logging_caballo.py:19] ('gran premio leido con exito',)
12:29:20 PM: INFO [logging_caballo.py:19] ('gran premio leido con exito',)
12:29:20 PM: INFO [logging_caballo.py:19] ([<carrera_caballos.clases.class_gran_premio.GranPremio object at 0x000001169DD8C3C8>, <carrera_caballos.clases.class_gran_premio.GranPremio object at 0x000001169DD8C4C8>],)
12:29:20 PM: INFO [logging_caballo.py:19] ('productos insertada: 500',)
12:29:20 PM: INFO [logging_caballo.py:19] ('gran premio 500 insertado',)
12:29:20 PM: INFO [logging_caballo.py:19] ('productos insertada: 800',)
12:29:20 PM: INFO [logging_caballo.py:19] ('gran premio 800 insertado',)
12:29:20 PM: INFO [logging_caballo.py:19] ('caballo leido con exito',)
12:29:20 PM: INFO [logging_caballo.py:19] ('caballo leido con exito',)
12:29:20 PM: INFO [logging_caballo.py:19] ('caballo leido con exito',)
12:29:20 PM: INFO [logging_caballo.py:19] ('caballo leido con exito',)
12:29:20 PM: INFO [logging_caballo.py:19] ('caballo leido con exito',)
12:29:20 PM: INFO [logging_caballo.py:19] ([<carrera_caballos.clases.class_caballos.Caballo object at 0x000001169DD8C288>, <carrera_caballos.clases.class_caballos.Caballo object at 0x000001169DDA3D88>, <carrera_caballos.clases.class_caballos.Caballo object at 0x000001169DDA8488>, <carrera_caballos.clases.class_caballos.Caballo object at 0x000001169DDA8608>, <carrera_caballos.clases.class_caballos.Caballo object at 0x000001169DDA8708>],)
12:52:04 PM: INFO [logging_caballo.py:19] ('comenzamos la casa de apuestas',)
12:52:04 PM: INFO [logging_caballo.py:19] ('gran premio leido con exito',)
12:52:04 PM: INFO [logging_caballo.py:19] ('gran premio leido con exito',)
12:52:04 PM: INFO [logging_caballo.py:19] ([<carrera_caballos.clases.class_gran_premio.GranPremio object at 0x000002C138429C08>, <carrera_caballos.clases.class_gran_premio.GranPremio object at 0x000002C138429D08>],)
12:52:04 PM: INFO [logging_caballo.py:19] ('productos insertada: 500',)
12:52:04 PM: INFO [logging_caballo.py:19] ('gran premio 500 insertado',)
12:52:04 PM: INFO [logging_caballo.py:19] ('productos insertada: 800',)
12:52:04 PM: INFO [logging_caballo.py:19] ('gran premio 800 insertado',)
12:52:04 PM: INFO [logging_caballo.py:19] ('caballo leido con exito',)
12:52:04 PM: INFO [logging_caballo.py:19] ('caballo leido con exito',)
12:52:04 PM: INFO [logging_caballo.py:19] ('caballo leido con exito',)
12:52:04 PM: INFO [logging_caballo.py:19] ('caballo leido con exito',)
12:52:04 PM: INFO [logging_caballo.py:19] ('caballo leido con exito',)
12:52:04 PM: INFO [logging_caballo.py:19] ([<carrera_caballos.clases.class_caballos.Caballo object at 0x000002C138429CC8>, <carrera_caballos.clases.class_caballos.Caballo object at 0x000002C138442388>, <carrera_caballos.clases.class_caballos.Caballo object at 0x000002C1384494C8>, <carrera_caballos.clases.class_caballos.Caballo object at 0x000002C138449648>, <carrera_caballos.clases.class_caballos.Caballo object at 0x000002C138449748>],)
12:54:19 PM: INFO [logging_caballo.py:19] ('comenzamos la casa de apuestas',)
12:54:19 PM: INFO [logging_caballo.py:19] ('gran premio leido con exito',)
12:54:19 PM: INFO [logging_caballo.py:19] ('gran premio leido con exito',)
12:54:19 PM: INFO [logging_caballo.py:19] ([<carrera_caballos.clases.class_gran_premio.GranPremio object at 0x0000017AC615B488>, <carrera_caballos.clases.class_gran_premio.GranPremio object at 0x0000017AC615B688>],)
12:54:19 PM: INFO [logging_caballo.py:19] ('productos insertada: 500',)
12:54:19 PM: INFO [logging_caballo.py:19] ('gran premio 500 insertado',)
12:54:19 PM: INFO [logging_caballo.py:19] ('productos insertada: 800',)
12:54:19 PM: INFO [logging_caballo.py:19] ('gran premio 800 insertado',)
12:54:19 PM: INFO [logging_caballo.py:19] ('caballo leido con exito',)
12:57:01 PM: INFO [logging_caballo.py:19] ('comenzamos la casa de apuestas',)
12:57:01 PM: INFO [logging_caballo.py:19] ('gran premio leido con exito',)
12:57:01 PM: INFO [logging_caballo.py:19] ('gran premio leido con exito',)
12:57:01 PM: INFO [logging_caballo.py:19] ([<carrera_caballos.clases.class_gran_premio.GranPremio object at 0x000001E80E59E5C8>, <carrera_caballos.clases.class_gran_premio.GranPremio object at 0x000001E80E59E688>],)
12:57:01 PM: INFO [logging_caballo.py:19] ('productos insertada: 500',)
12:57:01 PM: INFO [logging_caballo.py:19] ('gran premio 500 insertado',)
12:57:01 PM: INFO [logging_caballo.py:19] ('productos insertada: 800',)
12:57:01 PM: INFO [logging_caballo.py:19] ('gran premio 800 insertado',)
12:57:01 PM: INFO [logging_caballo.py:19] ('caballo leido con exito',)
01:00:58 PM: INFO [logging_caballo.py:19] ('comenzamos la casa de apuestas',)
01:00:58 PM: INFO [logging_caballo.py:19] ('gran premio leido con exito',)
01:00:58 PM: INFO [logging_caballo.py:19] ('gran premio leido con exito',)
01:00:58 PM: INFO [logging_caballo.py:19] ([<carrera_caballos.clases.class_gran_premio.GranPremio object at 0x0000020C1B65C1C8>, <carrera_caballos.clases.class_gran_premio.GranPremio object at 0x0000020C1B65C2C8>],)
01:00:58 PM: INFO [logging_caballo.py:19] ('productos insertada: GRAN PREMIO 1',)
01:00:58 PM: INFO [logging_caballo.py:19] ('gran premio GRAN PREMIO 1 insertado',)
01:00:58 PM: INFO [logging_caballo.py:19] ('productos insertada: GRAN PREMIO 2',)
01:00:58 PM: INFO [logging_caballo.py:19] ('gran premio GRAN PREMIO 2 insertado',)
01:00:58 PM: INFO [logging_caballo.py:19] ('caballo leido con exito',)
01:00:58 PM: INFO [logging_caballo.py:19] ('caballo leido con exito',)
01:00:58 PM: INFO [logging_caballo.py:19] ('caballo leido con exito',)
01:00:58 PM: INFO [logging_caballo.py:19] ('caballo leido con exito',)
01:00:58 PM: INFO [logging_caballo.py:19] ('caballo leido con exito',)
01:00:58 PM: INFO [logging_caballo.py:19] ([<carrera_caballos.clases.class_caballos.Caballo object at 0x0000020C1B168A88>, <carrera_caballos.clases.class_caballos.Caballo object at 0x0000020C1B188D88>, <carrera_caballos.clases.class_caballos.Caballo object at 0x0000020C1B679108>, <carrera_caballos.clases.class_caballos.Caballo object at 0x0000020C1B679208>, <carrera_caballos.clases.class_caballos.Caballo object at 0x0000020C1B679348>],)
01:04:09 PM: INFO [logging_caballo.py:19] ('comenzamos la casa de apuestas',)
01:04:09 PM: INFO [logging_caballo.py:19] ('gran premio leido con exito',)
01:04:09 PM: INFO [logging_caballo.py:19] ('gran premio leido con exito',)
01:04:09 PM: INFO [logging_caballo.py:19] ([<carrera_caballos.clases.class_gran_premio.GranPremio object at 0x0000025BE7BBB408>, <carrera_caballos.clases.class_gran_premio.GranPremio object at 0x0000025BE7BBB448>],)
01:04:09 PM: INFO [logging_caballo.py:19] ('productos insertada: GRAN PREMIO 1',)
01:04:09 PM: INFO [logging_caballo.py:19] ('gran premio GRAN PREMIO 1 insertado',)
01:04:09 PM: INFO [logging_caballo.py:19] ('productos insertada: GRAN PREMIO 2',)
01:04:09 PM: INFO [logging_caballo.py:19] ('gran premio GRAN PREMIO 2 insertado',)
01:04:09 PM: INFO [logging_caballo.py:19] ('caballo leido con exito',)
01:04:09 PM: INFO [logging_caballo.py:19] ('caballo leido con exito',)
01:04:09 PM: INFO [logging_caballo.py:19] ('caballo leido con exito',)
01:04:09 PM: INFO [logging_caballo.py:19] ('caballo leido con exito',)
01:04:09 PM: INFO [logging_caballo.py:19] ('caballo leido con exito',)
01:04:09 PM: INFO [logging_caballo.py:19] ([<carrera_caballos.clases.class_caballos.Caballo object at 0x0000025BE7BBB548>, <carrera_caballos.clases.class_caballos.Caballo object at 0x0000025BE7BBB4C8>, <carrera_caballos.clases.class_caballos.Caballo object at 0x0000025BE7BD92C8>, <carrera_caballos.clases.class_caballos.Caballo object at 0x0000025BE7BD93C8>, <carrera_caballos.clases.class_caballos.Caballo object at 0x0000025BE7BD9508>],)
01:47:16 PM: INFO [logging_caballo.py:19] ('comenzamos la casa de apuestas',)
01:47:16 PM: INFO [logging_caballo.py:19] ('gran premio leido con exito',)
01:47:16 PM: INFO [logging_caballo.py:19] ('gran premio leido con exito',)
01:47:16 PM: INFO [logging_caballo.py:19] ([<carrera_caballos.clases.class_gran_premio.GranPremio object at 0x0000022C4501A388>, <carrera_caballos.clases.class_gran_premio.GranPremio object at 0x0000022C4501A4C8>],)
01:47:16 PM: INFO [logging_caballo.py:19] ('productos insertada: GRAN PREMIO 1',)
01:47:16 PM: INFO [logging_caballo.py:19] ('gran premio GRAN PREMIO 1 insertado',)
01:47:16 PM: INFO [logging_caballo.py:19] ('productos insertada: GRAN PREMIO 2',)
01:47:16 PM: INFO [logging_caballo.py:19] ('gran premio GRAN PREMIO 2 insertado',)
01:47:16 PM: INFO [logging_caballo.py:19] ('caballo leido con exito',)
01:47:16 PM: INFO [logging_caballo.py:19] ('caballo leido con exito',)
01:47:16 PM: INFO [logging_caballo.py:19] ('caballo leido con exito',)
01:47:16 PM: INFO [logging_caballo.py:19] ('caballo leido con exito',)
01:47:16 PM: INFO [logging_caballo.py:19] ('caballo leido con exito',)
01:47:16 PM: INFO [logging_caballo.py:19] ([<carrera_caballos.clases.class_caballos.Caballo object at 0x0000022C4501A5C8>, <carrera_caballos.clases.class_caballos.Caballo object at 0x0000022C4501A548>, <carrera_caballos.clases.class_caballos.Caballo object at 0x0000022C45039348>, <carrera_caballos.clases.class_caballos.Caballo object at 0x0000022C45039448>, <carrera_caballos.clases.class_caballos.Caballo object at 0x0000022C45039588>],)
01:47:16 PM: INFO [logging_caballo.py:19] ('productos insertada: CABALLO1',)
01:47:16 PM: INFO [logging_caballo.py:19] ('caballo CABALLO1 insertado',)
01:47:16 PM: INFO [logging_caballo.py:19] ('productos insertada: CABALLO2',)
01:47:16 PM: INFO [logging_caballo.py:19] ('caballo CABALLO2 insertado',)
01:47:16 PM: INFO [logging_caballo.py:19] ('productos insertada: CABALLO3',)
01:47:16 PM: INFO [logging_caballo.py:19] ('caballo CABALLO3 insertado',)
01:47:16 PM: INFO [logging_caballo.py:19] ('productos insertada: CABALLO4',)
01:47:16 PM: INFO [logging_caballo.py:19] ('caballo CABALLO4 insertado',)
01:51:34 PM: INFO [logging_caballo.py:19] ('comenzamos la casa de apuestas',)
01:51:34 PM: INFO [logging_caballo.py:19] ('gran premio leido con exito',)
01:51:34 PM: INFO [logging_caballo.py:19] ('gran premio leido con exito',)
01:51:34 PM: INFO [logging_caballo.py:19] ([<carrera_caballos.clases.class_gran_premio.GranPremio object at 0x00000186F601C488>, <carrera_caballos.clases.class_gran_premio.GranPremio object at 0x00000186F601C588>],)
01:51:34 PM: INFO [logging_caballo.py:19] ('productos insertada: GRAN PREMIO 1',)
01:51:34 PM: INFO [logging_caballo.py:19] ('gran premio GRAN PREMIO 1 insertado',)
01:51:34 PM: INFO [logging_caballo.py:19] ('productos insertada: GRAN PREMIO 2',)
01:51:34 PM: INFO [logging_caballo.py:19] ('gran premio GRAN PREMIO 2 insertado',)
01:51:34 PM: INFO [logging_caballo.py:19] ('caballo leido con exito',)
01:51:34 PM: INFO [logging_caballo.py:19] ('caballo leido con exito',)
01:51:34 PM: INFO [logging_caballo.py:19] ('caballo leido con exito',)
01:51:34 PM: INFO [logging_caballo.py:19] ('caballo leido con exito',)
01:51:34 PM: INFO [logging_caballo.py:19] ('caballo leido con exito',)
01:51:34 PM: INFO [logging_caballo.py:19] ([<carrera_caballos.clases.class_caballos.Caballo object at 0x00000186F601C688>, <carrera_caballos.clases.class_caballos.Caballo object at 0x00000186F601C608>, <carrera_caballos.clases.class_caballos.Caballo object at 0x00000186F603A348>, <carrera_caballos.clases.class_caballos.Caballo object at 0x00000186F603A448>, <carrera_caballos.clases.class_caballos.Caballo object at 0x00000186F603A588>],)
01:51:34 PM: INFO [logging_caballo.py:19] ('productos insertada: CABALLO1',)
01:51:34 PM: INFO [logging_caballo.py:19] ('caballo CABALLO1 insertado',)
01:51:34 PM: INFO [logging_caballo.py:19] ('productos insertada: CABALLO2',)
01:51:34 PM: INFO [logging_caballo.py:19] ('caballo CABALLO2 insertado',)
01:51:34 PM: INFO [logging_caballo.py:19] ('productos insertada: CABALLO3',)
01:51:34 PM: INFO [logging_caballo.py:19] ('caballo CABALLO3 insertado',)
01:51:34 PM: INFO [logging_caballo.py:19] ('productos insertada: CABALLO4',)
01:51:34 PM: INFO [logging_caballo.py:19] ('caballo CABALLO4 insertado',)
01:51:34 PM: INFO [logging_caballo.py:19] ('productos insertada: CABALLO5',)
01:51:34 PM: INFO [logging_caballo.py:19] ('caballo CABALLO5 insertado',)
01:51:34 PM: INFO [logging_caballo.py:19] ('apostante leido con exito',)
01:51:34 PM: INFO [logging_caballo.py:19] ('apostante leido con exito',)
01:51:34 PM: INFO [logging_caballo.py:19] ('apostante leido con exito',)
01:51:34 PM: INFO [logging_caballo.py:19] ([<carrera_caballos.clases.class_apostante.Apostante object at 0x00000186F601C488>, <carrera_caballos.clases.class_apostante.Apostante object at 0x00000186F601C588>, <carrera_caballos.clases.class_apostante.Apostante object at 0x00000186F601C708>],)
01:51:34 PM: INFO [logging_caballo.py:19] ('productos insertada: APOSTANTE1',)
01:51:34 PM: INFO [logging_caballo.py:19] ('apostante APOSTANTE1 insertado',)
01:51:34 PM: INFO [logging_caballo.py:19] ('productos insertada: APOSTANTE2',)
01:51:34 PM: INFO [logging_caballo.py:19] ('apostante APOSTANTE2 insertado',)
01:51:34 PM: INFO [logging_caballo.py:19] ('productos insertada: APOSTANTE3',)
01:51:34 PM: INFO [logging_caballo.py:19] ('apostante APOSTANTE3 insertado',)
01:52:58 PM: INFO [logging_caballo.py:19] ('comenzamos la casa de apuestas',)
01:59:36 PM: INFO [logging_caballo.py:19] ('comenzamos la casa de apuestas',)
01:59:36 PM: INFO [logging_caballo.py:19] ([<carrera_caballos.clases.class_gran_premio.GranPremio object at 0x000002746DC58F08>, <carrera_caballos.clases.class_gran_premio.GranPremio object at 0x000002746DC58F48>],)
02:29:57 PM: INFO [logging_caballo.py:19] ('comenzamos la casa de apuestas',)
02:29:57 PM: DEBUG [logging_caballo.py:15] [<carrera_caballos.clases.class_gran_premio.GranPremio object at 0x00000234B8706288>, <carrera_caballos.clases.class_gran_premio.GranPremio object at 0x00000234B87062C8>]
02:29:57 PM: INFO [logging_caballo.py:19] ('comienza el premio GRAN PREMIO 1',)
02:29:57 PM: INFO [logging_caballo.py:19] ('entra en la casa de apuestas el apostante APOSTANTE1',)
02:29:57 PM: INFO [logging_caballo.py:19] ('el apostante APOSTANTE1 se dispone a netregar su dinero',)
02:30:35 PM: INFO [logging_caballo.py:19] ('el apostante APOSTANTE1 ha finalizado su apuesta',)
02:30:35 PM: INFO [logging_caballo.py:19] ('entra en la casa de apuestas el apostante APOSTANTE2',)
02:30:35 PM: INFO [logging_caballo.py:19] ('el apostante APOSTANTE2 se dispone a netregar su dinero',)
02:30:43 PM: INFO [logging_caballo.py:19] ('el apostante APOSTANTE2 no tiene dinero suficiente, diga otra cantidad',)
02:30:58 PM: INFO [logging_caballo.py:19] ('el apostante APOSTANTE2 ha finalizado su apuesta',)
02:30:58 PM: INFO [logging_caballo.py:19] ('entra en la casa de apuestas el apostante APOSTANTE3',)
02:30:58 PM: INFO [logging_caballo.py:19] ('el apostante APOSTANTE3 se dispone a netregar su dinero',)
02:31:03 PM: INFO [logging_caballo.py:19] ('el apostante APOSTANTE3 ha finalizado su apuesta',)
02:31:03 PM: INFO [logging_caballo.py:19] ('entra en la casa de apuestas el apostante APOSTANTE1',)
02:31:03 PM: INFO [logging_caballo.py:19] ('el apostante APOSTANTE1 se dispone a netregar su dinero',)
02:34:29 PM: INFO [logging_caballo.py:19] ('comenzamos la casa de apuestas',)
02:34:29 PM: DEBUG [logging_caballo.py:15] [<carrera_caballos.clases.class_gran_premio.GranPremio object at 0x000001A265A9F248>, <carrera_caballos.clases.class_gran_premio.GranPremio object at 0x000001A265A9F288>]
02:34:29 PM: INFO [logging_caballo.py:19] ('comienza el premio GRAN PREMIO 1',)
02:34:29 PM: INFO [logging_caballo.py:19] ('entra en la casa de apuestas el apostante APOSTANTE1',)
02:34:29 PM: INFO [logging_caballo.py:19] ('el apostante APOSTANTE1 se dispone a netregar su dinero',)
02:34:35 PM: INFO [logging_caballo.py:19] ('el apostante APOSTANTE1 ha finalizado su apuesta',)
02:34:35 PM: INFO [logging_caballo.py:19] ('entra en la casa de apuestas el apostante APOSTANTE2',)
02:34:35 PM: INFO [logging_caballo.py:19] ('el apostante APOSTANTE2 se dispone a netregar su dinero',)
02:34:39 PM: INFO [logging_caballo.py:19] ('el apostante APOSTANTE2 ha finalizado su apuesta',)
02:34:39 PM: INFO [logging_caballo.py:19] ('entra en la casa de apuestas el apostante APOSTANTE3',)
02:34:39 PM: INFO [logging_caballo.py:19] ('el apostante APOSTANTE3 se dispone a netregar su dinero',)
02:34:47 PM: INFO [logging_caballo.py:19] ('el apostante APOSTANTE3 ha finalizado su apuesta',)
02:34:47 PM: INFO [logging_caballo.py:19] ("la carrera 1 tiene las apuestas {'APOSTANTE1': ['8', '1'], 'APOSTANTE2': ['5', '3'], 'APOSTANTE3': ['9', '2']}",)
02:34:47 PM: INFO [logging_caballo.py:19] ('entra en la casa de apuestas el apostante APOSTANTE1',)
02:34:47 PM: INFO [logging_caballo.py:19] ('el apostante APOSTANTE1 se dispone a netregar su dinero',)
02:35:06 PM: INFO [logging_caballo.py:19] ('el apostante APOSTANTE1 ha finalizado su apuesta',)
02:35:06 PM: INFO [logging_caballo.py:19] ('entra en la casa de apuestas el apostante APOSTANTE2',)
02:35:06 PM: INFO [logging_caballo.py:19] ('el apostante APOSTANTE2 se dispone a netregar su dinero',)
02:35:08 PM: INFO [logging_caballo.py:19] ('el apostante APOSTANTE2 ha finalizado su apuesta',)
02:35:08 PM: INFO [logging_caballo.py:19] ('entra en la casa de apuestas el apostante APOSTANTE3',)
02:35:08 PM: INFO [logging_caballo.py:19] ('el apostante APOSTANTE3 se dispone a netregar su dinero',)
02:35:09 PM: INFO [logging_caballo.py:19] ('el apostante APOSTANTE3 ha finalizado su apuesta',)
02:35:09 PM: INFO [logging_caballo.py:19] ("la carrera 2 tiene las apuestas {'APOSTANTE1': ['1', '1'], 'APOSTANTE2': ['1', '1'], 'APOSTANTE3': ['1', '1']}",)
02:35:09 PM: INFO [logging_caballo.py:19] ('entra en la casa de apuestas el apostante APOSTANTE1',)
02:35:09 PM: INFO [logging_caballo.py:19] ('el apostante APOSTANTE1 se dispone a netregar su dinero',)
02:35:12 PM: INFO [logging_caballo.py:19] ('el apostante APOSTANTE1 ha finalizado su apuesta',)
02:35:12 PM: INFO [logging_caballo.py:19] ('entra en la casa de apuestas el apostante APOSTANTE2',)
02:35:12 PM: INFO [logging_caballo.py:19] ('el apostante APOSTANTE2 se dispone a netregar su dinero',)
02:35:14 PM: INFO [logging_caballo.py:19] ('el apostante APOSTANTE2 ha finalizado su apuesta',)
02:35:14 PM: INFO [logging_caballo.py:19] ('entra en la casa de apuestas el apostante APOSTANTE3',)
02:35:14 PM: INFO [logging_caballo.py:19] ('el apostante APOSTANTE3 se dispone a netregar su dinero',)
02:35:15 PM: INFO [logging_caballo.py:19] ('el apostante APOSTANTE3 ha finalizado su apuesta',)
02:35:15 PM: INFO [logging_caballo.py:19] ("la carrera 3 tiene las apuestas {'APOSTANTE1': ['1', '1'], 'APOSTANTE2': ['1', '1'], 'APOSTANTE3': ['1', '1']}",)
02:35:15 PM: INFO [logging_caballo.py:19] ('entra en la casa de apuestas el apostante APOSTANTE1',)
02:35:15 PM: INFO [logging_caballo.py:19] ('el apostante APOSTANTE1 se dispone a netregar su dinero',)
02:35:21 PM: INFO [logging_caballo.py:19] ('el apostante APOSTANTE1 ha finalizado su apuesta',)
02:35:21 PM: INFO [logging_caballo.py:19] ('entra en la casa de apuestas el apostante APOSTANTE2',)
02:35:21 PM: INFO [logging_caballo.py:19] ('el apostante APOSTANTE2 se dispone a netregar su dinero',)
02:35:22 PM: INFO [logging_caballo.py:19] ('el apostante APOSTANTE2 ha finalizado su apuesta',)
02:35:22 PM: INFO [logging_caballo.py:19] ('entra en la casa de apuestas el apostante APOSTANTE3',)
02:35:22 PM: INFO [logging_caballo.py:19] ('el apostante APOSTANTE3 se dispone a netregar su dinero',)
02:35:24 PM: INFO [logging_caballo.py:19] ('el apostante APOSTANTE3 ha finalizado su apuesta',)
02:35:24 PM: INFO [logging_caballo.py:19] ("la carrera 4 tiene las apuestas {'APOSTANTE1': ['1', '1'], 'APOSTANTE2': ['1', '1'], 'APOSTANTE3': ['1', '1']}",)
02:35:24 PM: INFO [logging_caballo.py:19] ('comienza el premio GRAN PREMIO 2',)
02:35:24 PM: INFO [logging_caballo.py:19] ('entra en la casa de apuestas el apostante APOSTANTE1',)
02:35:24 PM: INFO [logging_caballo.py:19] ('el apostante APOSTANTE1 se dispone a netregar su dinero',)
02:35:46 PM: INFO [logging_caballo.py:19] ('el apostante APOSTANTE1 ha finalizado su apuesta',)
02:35:46 PM: INFO [logging_caballo.py:19] ('entra en la casa de apuestas el apostante APOSTANTE2',)
02:35:46 PM: INFO [logging_caballo.py:19] ('el apostante APOSTANTE2 se dispone a netregar su dinero',)
02:35:48 PM: INFO [logging_caballo.py:19] ('el apostante APOSTANTE2 ha finalizado su apuesta',)
02:35:48 PM: INFO [logging_caballo.py:19] ('entra en la casa de apuestas el apostante APOSTANTE3',)
02:35:48 PM: INFO [logging_caballo.py:19] ('el apostante APOSTANTE3 se dispone a netregar su dinero',)
02:35:50 PM: INFO [logging_caballo.py:19] ('el apostante APOSTANTE3 ha finalizado su apuesta',)
02:35:50 PM: INFO [logging_caballo.py:19] ("la carrera 1 tiene las apuestas {'APOSTANTE1': ['1', '1'], 'APOSTANTE2': ['1', '1'], 'APOSTANTE3': ['1', '1']}",)
02:35:50 PM: INFO [logging_caballo.py:19] ('entra en la casa de apuestas el apostante APOSTANTE1',)
02:35:50 PM: INFO [logging_caballo.py:19] ('el apostante APOSTANTE1 se dispone a netregar su dinero',)
02:35:58 PM: INFO [logging_caballo.py:19] ('el apostante APOSTANTE1 ha finalizado su apuesta',)
02:35:58 PM: INFO [logging_caballo.py:19] ('entra en la casa de apuestas el apostante APOSTANTE2',)
02:35:58 PM: INFO [logging_caballo.py:19] ('el apostante APOSTANTE2 se dispone a netregar su dinero',)
02:36:00 PM: INFO [logging_caballo.py:19] ('el apostante APOSTANTE2 ha finalizado su apuesta',)
02:36:00 PM: INFO [logging_caballo.py:19] ('entra en la casa de apuestas el apostante APOSTANTE3',)
02:36:00 PM: INFO [logging_caballo.py:19] ('el apostante APOSTANTE3 se dispone a netregar su dinero',)
02:36:01 PM: INFO [logging_caballo.py:19] ('el apostante APOSTANTE3 ha finalizado su apuesta',)
02:36:01 PM: INFO [logging_caballo.py:19] ("la carrera 2 tiene las apuestas {'APOSTANTE1': ['1', '1'], 'APOSTANTE2': ['1', '1'], 'APOSTANTE3': ['1', '1']}",)
02:36:01 PM: INFO [logging_caballo.py:19] ('entra en la casa de apuestas el apostante APOSTANTE1',)
02:36:01 PM: INFO [logging_caballo.py:19] ('el apostante APOSTANTE1 se dispone a netregar su dinero',)
02:36:03 PM: INFO [logging_caballo.py:19] ('el apostante APOSTANTE1 ha finalizado su apuesta',)
02:36:03 PM: INFO [logging_caballo.py:19] ('entra en la casa de apuestas el apostante APOSTANTE2',)
02:36:03 PM: INFO [logging_caballo.py:19] ('el apostante APOSTANTE2 se dispone a netregar su dinero',)
02:36:04 PM: INFO [logging_caballo.py:19] ('el apostante APOSTANTE2 ha finalizado su apuesta',)
02:36:04 PM: INFO [logging_caballo.py:19] ('entra en la casa de apuestas el apostante APOSTANTE3',)
02:36:04 PM: INFO [logging_caballo.py:19] ('el apostante APOSTANTE3 se dispone a netregar su dinero',)
02:36:06 PM: INFO [logging_caballo.py:19] ('el apostante APOSTANTE3 ha finalizado su apuesta',)
02:36:06 PM: INFO [logging_caballo.py:19] ("la carrera 3 tiene las apuestas {'APOSTANTE1': ['1', '1'], 'APOSTANTE2': ['1', '1'], 'APOSTANTE3': ['1', '1']}",)
